rename_argument: Applied 46 times
return_optimal: Applied 46 times
add_argumemts: Applied 46 times
rename_api: Applied 46 times
rename_local_variable: Applied 39 times
add_local_variable: Applied 18 times
rename_method_name: Applied 46 times
enhance_if: Applied 11 times
add_print: Applied 46 times
duplication: Applied 16 times
apply_plus_zero_math: Applied 8 times
insert_random_function: Applied 46 times
insert_random_class: Applied 46 times
create_typo: Applied 46 times
dead_branch_if_else: Applied 46 times
dead_branch_if: Applied 46 times
dead_branch_while: Applied 46 times
dead_branch_for: Applied 46 times
insert_safe_random_space: Applied 46 times
Total applied: 736 times
