rename_argument: Applied 1503 times
return_optimal: Applied 1503 times
add_argumemts: Applied 1503 times
rename_api: Applied 1503 times
rename_local_variable: Applied 1281 times
add_local_variable: Applied 577 times
rename_method_name: Applied 1503 times
enhance_if: Applied 358 times
add_print: Applied 1503 times
duplication: Applied 601 times
apply_plus_zero_math: Applied 188 times
insert_random_function: Applied 1503 times
insert_random_class: Applied 1503 times
create_typo: Applied 1221 times
dead_branch_if_else: Applied 1503 times
dead_branch_if: Applied 1503 times
dead_branch_while: Applied 1503 times
dead_branch_for: Applied 1503 times
insert_safe_random_space: Applied 1503 times
Total applied: 23765 times
