rename_argument: Applied 93 times
return_optimal: Applied 93 times
add_argumemts: Applied 93 times
rename_api: Applied 93 times
rename_local_variable: Applied 88 times
add_local_variable: Applied 35 times
rename_method_name: Applied 93 times
enhance_if: Applied 20 times
add_print: Applied 93 times
duplication: Applied 29 times
apply_plus_zero_math: Applied 17 times
insert_random_function: Applied 93 times
insert_random_class: Applied 93 times
create_typo: Applied 86 times
dead_branch_if_else: Applied 93 times
dead_branch_if: Applied 93 times
dead_branch_while: Applied 93 times
dead_branch_for: Applied 93 times
insert_safe_random_space: Applied 93 times
Total applied: 1484 times
