rename_argument: Applied 36 times
return_optimal: Applied 33 times
add_argumemts: Applied 46 times
rename_api: Applied 46 times
rename_local_variable: Applied 13 times
add_local_variable: Applied 48 times
rename_method_name: Applied 41 times
enhance_if: Applied 48 times
add_print: Applied 48 times
duplication: Applied 8 times
create_typo: Applied 19 times
insert_random_class: Applied 44 times
insert_random_function: Applied 48 times
for_to_while: Applied 48 times
apply_plus_zero_math: Applied 48 times
dead_branch_if_else: Applied 42 times
dead_branch_if: Applied 40 times
dead_branch_while: Applied 46 times
dead_branch_for: Applied 48 times
Total applied: 750 times